{"/Users/lauriharjukoski/full-stack-open/full-stack-harjoitustyo/harjoitustyo/frontend/src/components/BoulderGrades.jsx": {"path":"/Users/lauriharjukoski/full-stack-open/full-stack-harjoitustyo/harjoitustyo/frontend/src/components/BoulderGrades.jsx","all":false,"statementMap":{"0":{"start":{"line":1,"column":0},"end":{"line":1,"column":32}},"1":{"start":{"line":2,"column":0},"end":{"line":2,"column":35}},"2":{"start":{"line":3,"column":0},"end":{"line":3,"column":52}},"3":{"start":{"line":4,"column":0},"end":{"line":4,"column":0}},"4":{"start":{"line":5,"column":0},"end":{"line":5,"column":59}},"5":{"start":{"line":6,"column":0},"end":{"line":6,"column":48}},"6":{"start":{"line":7,"column":0},"end":{"line":7,"column":60}},"7":{"start":{"line":8,"column":0},"end":{"line":8,"column":0}},"8":{"start":{"line":9,"column":0},"end":{"line":9,"column":64}},"9":{"start":{"line":10,"column":0},"end":{"line":10,"column":0}},"10":{"start":{"line":11,"column":0},"end":{"line":11,"column":32}},"11":{"start":{"line":12,"column":0},"end":{"line":12,"column":26}},"12":{"start":{"line":13,"column":0},"end":{"line":13,"column":37}},"13":{"start":{"line":14,"column":0},"end":{"line":14,"column":3}},"14":{"start":{"line":15,"column":0},"end":{"line":15,"column":0}},"15":{"start":{"line":16,"column":0},"end":{"line":16,"column":47}},"16":{"start":{"line":17,"column":0},"end":{"line":17,"column":42}},"17":{"start":{"line":18,"column":0},"end":{"line":18,"column":3}},"18":{"start":{"line":19,"column":0},"end":{"line":19,"column":0}},"19":{"start":{"line":20,"column":0},"end":{"line":20,"column":0}},"20":{"start":{"line":21,"column":0},"end":{"line":21,"column":0}},"21":{"start":{"line":22,"column":0},"end":{"line":22,"column":53}},"22":{"start":{"line":23,"column":0},"end":{"line":23,"column":31}},"23":{"start":{"line":24,"column":0},"end":{"line":24,"column":24}},"24":{"start":{"line":25,"column":0},"end":{"line":25,"column":47}},"25":{"start":{"line":26,"column":0},"end":{"line":26,"column":0}},"26":{"start":{"line":27,"column":0},"end":{"line":27,"column":12}},"27":{"start":{"line":28,"column":0},"end":{"line":28,"column":36}},"28":{"start":{"line":29,"column":0},"end":{"line":29,"column":110}},"29":{"start":{"line":30,"column":0},"end":{"line":30,"column":76}},"30":{"start":{"line":31,"column":0},"end":{"line":31,"column":32}},"31":{"start":{"line":32,"column":0},"end":{"line":32,"column":199}},"32":{"start":{"line":33,"column":0},"end":{"line":33,"column":11}},"33":{"start":{"line":34,"column":0},"end":{"line":34,"column":31}},"34":{"start":{"line":35,"column":0},"end":{"line":35,"column":156}},"35":{"start":{"line":36,"column":0},"end":{"line":36,"column":11}},"36":{"start":{"line":37,"column":0},"end":{"line":37,"column":31}},"37":{"start":{"line":38,"column":0},"end":{"line":38,"column":103}},"38":{"start":{"line":39,"column":0},"end":{"line":39,"column":11}},"39":{"start":{"line":40,"column":0},"end":{"line":40,"column":175}},"40":{"start":{"line":41,"column":0},"end":{"line":41,"column":9}},"41":{"start":{"line":42,"column":0},"end":{"line":42,"column":8}},"42":{"start":{"line":43,"column":0},"end":{"line":43,"column":5}},"43":{"start":{"line":44,"column":0},"end":{"line":44,"column":3}},"44":{"start":{"line":45,"column":0},"end":{"line":45,"column":0}},"45":{"start":{"line":46,"column":0},"end":{"line":46,"column":43}},"46":{"start":{"line":47,"column":0},"end":{"line":47,"column":20}},"47":{"start":{"line":48,"column":0},"end":{"line":48,"column":54}},"48":{"start":{"line":49,"column":0},"end":{"line":49,"column":5}},"49":{"start":{"line":50,"column":0},"end":{"line":50,"column":24}},"50":{"start":{"line":51,"column":0},"end":{"line":51,"column":3}},"51":{"start":{"line":52,"column":0},"end":{"line":52,"column":0}},"52":{"start":{"line":53,"column":0},"end":{"line":53,"column":10}},"53":{"start":{"line":54,"column":0},"end":{"line":54,"column":6}},"54":{"start":{"line":55,"column":0},"end":{"line":55,"column":29}},"55":{"start":{"line":56,"column":0},"end":{"line":56,"column":71}},"56":{"start":{"line":57,"column":0},"end":{"line":57,"column":97}},"57":{"start":{"line":58,"column":0},"end":{"line":58,"column":95}},"58":{"start":{"line":59,"column":0},"end":{"line":59,"column":47}},"59":{"start":{"line":60,"column":0},"end":{"line":60,"column":13}},"60":{"start":{"line":61,"column":0},"end":{"line":61,"column":15}},"61":{"start":{"line":62,"column":0},"end":{"line":62,"column":14}},"62":{"start":{"line":63,"column":0},"end":{"line":63,"column":26}},"63":{"start":{"line":64,"column":0},"end":{"line":64,"column":26}},"64":{"start":{"line":65,"column":0},"end":{"line":65,"column":15}},"65":{"start":{"line":66,"column":0},"end":{"line":66,"column":16}},"66":{"start":{"line":67,"column":0},"end":{"line":67,"column":60}},"67":{"start":{"line":68,"column":0},"end":{"line":68,"column":32}},"68":{"start":{"line":69,"column":0},"end":{"line":69,"column":20}},"69":{"start":{"line":70,"column":0},"end":{"line":70,"column":65}},"70":{"start":{"line":71,"column":0},"end":{"line":71,"column":20}},"71":{"start":{"line":72,"column":0},"end":{"line":72,"column":40}},"72":{"start":{"line":73,"column":0},"end":{"line":73,"column":42}},"73":{"start":{"line":74,"column":0},"end":{"line":74,"column":21}},"74":{"start":{"line":75,"column":0},"end":{"line":75,"column":23}},"75":{"start":{"line":76,"column":0},"end":{"line":76,"column":9}},"76":{"start":{"line":77,"column":0},"end":{"line":77,"column":10}},"77":{"start":{"line":78,"column":0},"end":{"line":78,"column":14}},"78":{"start":{"line":79,"column":0},"end":{"line":79,"column":83}},"79":{"start":{"line":80,"column":0},"end":{"line":80,"column":141}},"80":{"start":{"line":81,"column":0},"end":{"line":81,"column":71}},"81":{"start":{"line":82,"column":0},"end":{"line":82,"column":79}},"82":{"start":{"line":83,"column":0},"end":{"line":83,"column":7}},"83":{"start":{"line":84,"column":0},"end":{"line":84,"column":3}},"84":{"start":{"line":85,"column":0},"end":{"line":85,"column":1}},"85":{"start":{"line":86,"column":0},"end":{"line":86,"column":0}},"86":{"start":{"line":87,"column":0},"end":{"line":87,"column":28}}},"s":{"0":1,"1":1,"2":1,"3":1,"4":1,"5":7,"6":7,"7":7,"8":7,"9":7,"10":7,"11":1,"12":1,"13":1,"14":7,"15":7,"16":1,"17":1,"18":7,"19":7,"20":7,"21":7,"22":7,"23":7,"24":7,"25":7,"26":7,"27":7,"28":29,"29":13,"30":13,"31":5,"32":5,"33":13,"34":4,"35":4,"36":13,"37":0,"38":0,"39":4,"40":4,"41":7,"42":7,"43":7,"44":7,"45":7,"46":7,"47":1,"48":1,"49":6,"50":7,"51":7,"52":7,"53":7,"54":7,"55":7,"56":7,"57":7,"58":7,"59":7,"60":7,"61":7,"62":7,"63":7,"64":7,"65":7,"66":7,"67":29,"68":29,"69":29,"70":29,"71":29,"72":29,"73":29,"74":29,"75":29,"76":7,"77":7,"78":7,"79":7,"80":7,"81":7,"82":7,"83":7,"84":7,"85":1,"86":1},"branchMap":{"0":{"type":"branch","line":5,"loc":{"start":{"line":5,"column":22},"end":{"line":85,"column":1}},"locations":[{"start":{"line":5,"column":22},"end":{"line":85,"column":1}}]},"1":{"type":"branch","line":9,"loc":{"start":{"line":9,"column":31},"end":{"line":9,"column":64}},"locations":[{"start":{"line":9,"column":31},"end":{"line":9,"column":64}}]},"2":{"type":"branch","line":80,"loc":{"start":{"line":80,"column":8},"end":{"line":80,"column":79}},"locations":[{"start":{"line":80,"column":8},"end":{"line":80,"column":79}}]},"3":{"type":"branch","line":80,"loc":{"start":{"line":80,"column":75},"end":{"line":80,"column":141}},"locations":[{"start":{"line":80,"column":75},"end":{"line":80,"column":141}}]},"4":{"type":"branch","line":82,"loc":{"start":{"line":82,"column":9},"end":{"line":82,"column":45}},"locations":[{"start":{"line":82,"column":9},"end":{"line":82,"column":45}}]},"5":{"type":"branch","line":82,"loc":{"start":{"line":82,"column":20},"end":{"line":82,"column":70}},"locations":[{"start":{"line":82,"column":20},"end":{"line":82,"column":70}}]},"6":{"type":"branch","line":11,"loc":{"start":{"line":11,"column":20},"end":{"line":14,"column":3}},"locations":[{"start":{"line":11,"column":20},"end":{"line":14,"column":3}}]},"7":{"type":"branch","line":16,"loc":{"start":{"line":16,"column":35},"end":{"line":18,"column":3}},"locations":[{"start":{"line":16,"column":35},"end":{"line":18,"column":3}}]},"8":{"type":"branch","line":23,"loc":{"start":{"line":23,"column":19},"end":{"line":44,"column":3}},"locations":[{"start":{"line":23,"column":19},"end":{"line":44,"column":3}}]},"9":{"type":"branch","line":25,"loc":{"start":{"line":25,"column":17},"end":{"line":25,"column":47}},"locations":[{"start":{"line":25,"column":17},"end":{"line":25,"column":47}}]},"10":{"type":"branch","line":28,"loc":{"start":{"line":28,"column":17},"end":{"line":42,"column":7}},"locations":[{"start":{"line":28,"column":17},"end":{"line":42,"column":7}}]},"11":{"type":"branch","line":29,"loc":{"start":{"line":29,"column":28},"end":{"line":29,"column":78}},"locations":[{"start":{"line":29,"column":28},"end":{"line":29,"column":78}}]},"12":{"type":"branch","line":29,"loc":{"start":{"line":29,"column":57},"end":{"line":29,"column":109}},"locations":[{"start":{"line":29,"column":57},"end":{"line":29,"column":109}}]},"13":{"type":"branch","line":29,"loc":{"start":{"line":29,"column":109},"end":{"line":41,"column":9}},"locations":[{"start":{"line":29,"column":109},"end":{"line":41,"column":9}}]},"14":{"type":"branch","line":31,"loc":{"start":{"line":31,"column":31},"end":{"line":33,"column":11}},"locations":[{"start":{"line":31,"column":31},"end":{"line":33,"column":11}}]},"15":{"type":"branch","line":33,"loc":{"start":{"line":33,"column":10},"end":{"line":34,"column":30}},"locations":[{"start":{"line":33,"column":10},"end":{"line":34,"column":30}}]},"16":{"type":"branch","line":34,"loc":{"start":{"line":34,"column":30},"end":{"line":37,"column":30}},"locations":[{"start":{"line":34,"column":30},"end":{"line":37,"column":30}}]},"17":{"type":"branch","line":37,"loc":{"start":{"line":37,"column":30},"end":{"line":39,"column":11}},"locations":[{"start":{"line":37,"column":30},"end":{"line":39,"column":11}}]},"18":{"type":"branch","line":39,"loc":{"start":{"line":39,"column":10},"end":{"line":41,"column":9}},"locations":[{"start":{"line":39,"column":10},"end":{"line":41,"column":9}}]},"19":{"type":"branch","line":46,"loc":{"start":{"line":46,"column":23},"end":{"line":51,"column":3}},"locations":[{"start":{"line":46,"column":23},"end":{"line":51,"column":3}}]},"20":{"type":"branch","line":47,"loc":{"start":{"line":47,"column":19},"end":{"line":49,"column":5}},"locations":[{"start":{"line":47,"column":19},"end":{"line":49,"column":5}}]},"21":{"type":"branch","line":49,"loc":{"start":{"line":49,"column":4},"end":{"line":50,"column":24}},"locations":[{"start":{"line":49,"column":4},"end":{"line":50,"column":24}}]},"22":{"type":"branch","line":67,"loc":{"start":{"line":67,"column":50},"end":{"line":76,"column":9}},"locations":[{"start":{"line":67,"column":50},"end":{"line":76,"column":9}}]},"23":{"type":"branch","line":81,"loc":{"start":{"line":81,"column":37},"end":{"line":81,"column":71}},"locations":[{"start":{"line":81,"column":37},"end":{"line":81,"column":71}}]}},"b":{"0":[7],"1":[0],"2":[6],"3":[1],"4":[6],"5":[1],"6":[1],"7":[1],"8":[7],"9":[0],"10":[29],"11":[22],"12":[13],"13":[13],"14":[5],"15":[8],"16":[4],"17":[0],"18":[4],"19":[7],"20":[1],"21":[6],"22":[29],"23":[1]},"fnMap":{"0":{"name":"BoulderGrades","decl":{"start":{"line":5,"column":22},"end":{"line":85,"column":1}},"loc":{"start":{"line":5,"column":22},"end":{"line":85,"column":1}},"line":5},"1":{"name":"editFlash","decl":{"start":{"line":11,"column":20},"end":{"line":14,"column":3}},"loc":{"start":{"line":11,"column":20},"end":{"line":14,"column":3}},"line":11},"2":{"name":"handleBoulderFlashChange","decl":{"start":{"line":16,"column":35},"end":{"line":18,"column":3}},"loc":{"start":{"line":16,"column":35},"end":{"line":18,"column":3}},"line":16},"3":{"name":"feedback","decl":{"start":{"line":23,"column":19},"end":{"line":44,"column":3}},"loc":{"start":{"line":23,"column":19},"end":{"line":44,"column":3}},"line":23},"4":{"name":"routesToShow","decl":{"start":{"line":46,"column":23},"end":{"line":51,"column":3}},"loc":{"start":{"line":46,"column":23},"end":{"line":51,"column":3}},"line":46},"5":{"name":"onClick","decl":{"start":{"line":81,"column":37},"end":{"line":81,"column":71}},"loc":{"start":{"line":81,"column":37},"end":{"line":81,"column":71}},"line":81}},"f":{"0":7,"1":1,"2":1,"3":7,"4":7,"5":1}}
,"/Users/lauriharjukoski/full-stack-open/full-stack-harjoitustyo/harjoitustyo/frontend/src/components/FlashForm.jsx": {"path":"/Users/lauriharjukoski/full-stack-open/full-stack-harjoitustyo/harjoitustyo/frontend/src/components/FlashForm.jsx","all":false,"statementMap":{"0":{"start":{"line":1,"column":0},"end":{"line":1,"column":48}},"1":{"start":{"line":2,"column":0},"end":{"line":2,"column":0}},"2":{"start":{"line":3,"column":0},"end":{"line":3,"column":30}},"3":{"start":{"line":4,"column":0},"end":{"line":4,"column":0}},"4":{"start":{"line":5,"column":0},"end":{"line":5,"column":58}},"5":{"start":{"line":6,"column":0},"end":{"line":6,"column":0}},"6":{"start":{"line":7,"column":0},"end":{"line":7,"column":10}},"7":{"start":{"line":8,"column":0},"end":{"line":8,"column":31}},"8":{"start":{"line":9,"column":0},"end":{"line":9,"column":41}},"9":{"start":{"line":10,"column":0},"end":{"line":10,"column":38}},"10":{"start":{"line":11,"column":0},"end":{"line":11,"column":114}},"11":{"start":{"line":12,"column":0},"end":{"line":12,"column":15}},"12":{"start":{"line":13,"column":0},"end":{"line":13,"column":64}},"13":{"start":{"line":14,"column":0},"end":{"line":14,"column":11}},"14":{"start":{"line":15,"column":0},"end":{"line":15,"column":4}},"15":{"start":{"line":16,"column":0},"end":{"line":16,"column":24}}},"s":{"0":1,"1":1,"2":1,"3":1,"4":1,"5":7,"6":7,"7":7,"8":7,"9":7,"10":7,"11":7,"12":7,"13":7,"14":7,"15":1},"branchMap":{"0":{"type":"branch","line":5,"loc":{"start":{"line":5,"column":18},"end":{"line":15,"column":4}},"locations":[{"start":{"line":5,"column":18},"end":{"line":15,"column":4}}]},"1":{"type":"branch","line":11,"loc":{"start":{"line":11,"column":26},"end":{"line":11,"column":112}},"locations":[{"start":{"line":11,"column":26},"end":{"line":11,"column":112}}]}},"b":{"0":[7],"1":[133]},"fnMap":{"0":{"name":"FlashForm","decl":{"start":{"line":5,"column":18},"end":{"line":15,"column":4}},"loc":{"start":{"line":5,"column":18},"end":{"line":15,"column":4}},"line":5}},"f":{"0":7}}
,"/Users/lauriharjukoski/full-stack-open/full-stack-harjoitustyo/harjoitustyo/frontend/src/utils/gradeFunctions.js": {"path":"/Users/lauriharjukoski/full-stack-open/full-stack-harjoitustyo/harjoitustyo/frontend/src/utils/gradeFunctions.js","all":false,"statementMap":{"0":{"start":{"line":1,"column":0},"end":{"line":1,"column":41}},"1":{"start":{"line":2,"column":0},"end":{"line":2,"column":0}},"2":{"start":{"line":3,"column":0},"end":{"line":3,"column":49}},"3":{"start":{"line":4,"column":0},"end":{"line":4,"column":34}},"4":{"start":{"line":5,"column":0},"end":{"line":5,"column":59}},"5":{"start":{"line":6,"column":0},"end":{"line":6,"column":64}},"6":{"start":{"line":7,"column":0},"end":{"line":7,"column":54}},"7":{"start":{"line":8,"column":0},"end":{"line":8,"column":5}},"8":{"start":{"line":9,"column":0},"end":{"line":9,"column":3}},"9":{"start":{"line":10,"column":0},"end":{"line":10,"column":19}},"10":{"start":{"line":11,"column":0},"end":{"line":11,"column":1}},"11":{"start":{"line":12,"column":0},"end":{"line":12,"column":36}},"12":{"start":{"line":13,"column":0},"end":{"line":13,"column":33}},"13":{"start":{"line":14,"column":0},"end":{"line":14,"column":75}},"14":{"start":{"line":15,"column":0},"end":{"line":15,"column":22}},"15":{"start":{"line":16,"column":0},"end":{"line":16,"column":1}},"16":{"start":{"line":17,"column":0},"end":{"line":17,"column":0}},"17":{"start":{"line":18,"column":0},"end":{"line":18,"column":74}},"18":{"start":{"line":19,"column":0},"end":{"line":19,"column":39}},"19":{"start":{"line":20,"column":0},"end":{"line":20,"column":10}},"20":{"start":{"line":21,"column":0},"end":{"line":21,"column":41}},"21":{"start":{"line":22,"column":0},"end":{"line":22,"column":67}},"22":{"start":{"line":23,"column":0},"end":{"line":23,"column":85}},"23":{"start":{"line":24,"column":0},"end":{"line":24,"column":63}},"24":{"start":{"line":25,"column":0},"end":{"line":25,"column":7}},"25":{"start":{"line":26,"column":0},"end":{"line":26,"column":77}},"26":{"start":{"line":27,"column":0},"end":{"line":27,"column":20}},"27":{"start":{"line":28,"column":0},"end":{"line":28,"column":7}},"28":{"start":{"line":29,"column":0},"end":{"line":29,"column":5}},"29":{"start":{"line":30,"column":0},"end":{"line":30,"column":6}},"30":{"start":{"line":31,"column":0},"end":{"line":31,"column":1}},"31":{"start":{"line":32,"column":0},"end":{"line":32,"column":0}},"32":{"start":{"line":33,"column":0},"end":{"line":33,"column":86}},"33":{"start":{"line":34,"column":0},"end":{"line":34,"column":40}},"34":{"start":{"line":35,"column":0},"end":{"line":35,"column":49}},"35":{"start":{"line":36,"column":0},"end":{"line":36,"column":46}},"36":{"start":{"line":37,"column":0},"end":{"line":37,"column":43}},"37":{"start":{"line":38,"column":0},"end":{"line":38,"column":60}},"38":{"start":{"line":39,"column":0},"end":{"line":39,"column":58}},"39":{"start":{"line":40,"column":0},"end":{"line":40,"column":28}},"40":{"start":{"line":41,"column":0},"end":{"line":41,"column":1}},"41":{"start":{"line":42,"column":0},"end":{"line":42,"column":0}},"42":{"start":{"line":43,"column":0},"end":{"line":43,"column":41}},"43":{"start":{"line":44,"column":0},"end":{"line":44,"column":37}},"44":{"start":{"line":45,"column":0},"end":{"line":45,"column":49}},"45":{"start":{"line":46,"column":0},"end":{"line":46,"column":46}},"46":{"start":{"line":47,"column":0},"end":{"line":47,"column":22}},"47":{"start":{"line":48,"column":0},"end":{"line":48,"column":1}},"48":{"start":{"line":49,"column":0},"end":{"line":49,"column":0}},"49":{"start":{"line":50,"column":0},"end":{"line":50,"column":63}}},"s":{"0":1,"1":1,"2":1,"3":1,"4":8,"5":38,"6":0,"7":0,"8":38,"9":8,"10":8,"11":1,"12":1,"13":8,"14":8,"15":8,"16":1,"17":1,"18":1,"19":2,"20":2,"21":12,"22":6,"23":6,"24":6,"25":12,"26":0,"27":0,"28":12,"29":2,"30":2,"31":1,"32":1,"33":1,"34":2,"35":2,"36":2,"37":2,"38":2,"39":2,"40":2,"41":1,"42":1,"43":1,"44":6,"45":6,"46":6,"47":6,"48":1,"49":1},"branchMap":{"0":{"type":"branch","line":4,"loc":{"start":{"line":4,"column":17},"end":{"line":11,"column":1}},"locations":[{"start":{"line":4,"column":17},"end":{"line":11,"column":1}}]},"1":{"type":"branch","line":5,"loc":{"start":{"line":5,"column":58},"end":{"line":9,"column":3}},"locations":[{"start":{"line":5,"column":58},"end":{"line":9,"column":3}}]},"2":{"type":"branch","line":6,"loc":{"start":{"line":6,"column":63},"end":{"line":8,"column":5}},"locations":[{"start":{"line":6,"column":63},"end":{"line":8,"column":5}}]},"3":{"type":"branch","line":13,"loc":{"start":{"line":13,"column":20},"end":{"line":16,"column":1}},"locations":[{"start":{"line":13,"column":20},"end":{"line":16,"column":1}}]},"4":{"type":"branch","line":14,"loc":{"start":{"line":14,"column":36},"end":{"line":14,"column":74}},"locations":[{"start":{"line":14,"column":36},"end":{"line":14,"column":74}}]},"5":{"type":"branch","line":14,"loc":{"start":{"line":14,"column":70},"end":{"line":14,"column":74}},"locations":[{"start":{"line":14,"column":70},"end":{"line":14,"column":74}}]},"6":{"type":"branch","line":19,"loc":{"start":{"line":19,"column":19},"end":{"line":31,"column":1}},"locations":[{"start":{"line":19,"column":19},"end":{"line":31,"column":1}}]},"7":{"type":"branch","line":21,"loc":{"start":{"line":21,"column":22},"end":{"line":29,"column":5}},"locations":[{"start":{"line":21,"column":22},"end":{"line":29,"column":5}}]},"8":{"type":"branch","line":22,"loc":{"start":{"line":22,"column":35},"end":{"line":22,"column":64}},"locations":[{"start":{"line":22,"column":35},"end":{"line":22,"column":64}}]},"9":{"type":"branch","line":22,"loc":{"start":{"line":22,"column":66},"end":{"line":26,"column":45}},"locations":[{"start":{"line":22,"column":66},"end":{"line":26,"column":45}}]},"10":{"type":"branch","line":26,"loc":{"start":{"line":26,"column":45},"end":{"line":26,"column":74}},"locations":[{"start":{"line":26,"column":45},"end":{"line":26,"column":74}}]},"11":{"type":"branch","line":26,"loc":{"start":{"line":26,"column":76},"end":{"line":28,"column":7}},"locations":[{"start":{"line":26,"column":76},"end":{"line":28,"column":7}}]},"12":{"type":"branch","line":34,"loc":{"start":{"line":34,"column":20},"end":{"line":41,"column":1}},"locations":[{"start":{"line":34,"column":20},"end":{"line":41,"column":1}}]},"13":{"type":"branch","line":38,"loc":{"start":{"line":38,"column":45},"end":{"line":38,"column":59}},"locations":[{"start":{"line":38,"column":45},"end":{"line":38,"column":59}}]},"14":{"type":"branch","line":44,"loc":{"start":{"line":44,"column":17},"end":{"line":48,"column":1}},"locations":[{"start":{"line":44,"column":17},"end":{"line":48,"column":1}}]}},"b":{"0":[8],"1":[38],"2":[0],"3":[8],"4":[30],"5":[0],"6":[2],"7":[12],"8":[10],"9":[6],"10":[2],"11":[0],"12":[2],"13":[12],"14":[6]},"fnMap":{"0":{"name":"fillGaps","decl":{"start":{"line":4,"column":17},"end":{"line":11,"column":1}},"loc":{"start":{"line":4,"column":17},"end":{"line":11,"column":1}},"line":4},"1":{"name":"sortByGrade","decl":{"start":{"line":13,"column":20},"end":{"line":16,"column":1}},"loc":{"start":{"line":13,"column":20},"end":{"line":16,"column":1}},"line":13},"2":{"name":"ignorePlus","decl":{"start":{"line":19,"column":19},"end":{"line":31,"column":1}},"loc":{"start":{"line":19,"column":19},"end":{"line":31,"column":1}},"line":19},"3":{"name":"plusIgnored","decl":{"start":{"line":34,"column":20},"end":{"line":41,"column":1}},"loc":{"start":{"line":34,"column":20},"end":{"line":41,"column":1}},"line":34},"4":{"name":"withPlus","decl":{"start":{"line":44,"column":17},"end":{"line":48,"column":1}},"loc":{"start":{"line":44,"column":17},"end":{"line":48,"column":1}},"line":44}},"f":{"0":8,"1":8,"2":2,"3":2,"4":6}}
,"/Users/lauriharjukoski/full-stack-open/full-stack-harjoitustyo/harjoitustyo/frontend/src/utils/gradesHelper.js": {"path":"/Users/lauriharjukoski/full-stack-open/full-stack-harjoitustyo/harjoitustyo/frontend/src/utils/gradesHelper.js","all":false,"statementMap":{"0":{"start":{"line":1,"column":0},"end":{"line":1,"column":22}},"1":{"start":{"line":2,"column":0},"end":{"line":2,"column":3}},"2":{"start":{"line":3,"column":0},"end":{"line":3,"column":16}},"3":{"start":{"line":4,"column":0},"end":{"line":4,"column":15}},"4":{"start":{"line":5,"column":0},"end":{"line":5,"column":12}},"5":{"start":{"line":6,"column":0},"end":{"line":6,"column":4}},"6":{"start":{"line":7,"column":0},"end":{"line":7,"column":3}},"7":{"start":{"line":8,"column":0},"end":{"line":8,"column":17}},"8":{"start":{"line":9,"column":0},"end":{"line":9,"column":15}},"9":{"start":{"line":10,"column":0},"end":{"line":10,"column":12}},"10":{"start":{"line":11,"column":0},"end":{"line":11,"column":4}},"11":{"start":{"line":12,"column":0},"end":{"line":12,"column":3}},"12":{"start":{"line":13,"column":0},"end":{"line":13,"column":16}},"13":{"start":{"line":14,"column":0},"end":{"line":14,"column":15}},"14":{"start":{"line":15,"column":0},"end":{"line":15,"column":12}},"15":{"start":{"line":16,"column":0},"end":{"line":16,"column":4}},"16":{"start":{"line":17,"column":0},"end":{"line":17,"column":3}},"17":{"start":{"line":18,"column":0},"end":{"line":18,"column":17}},"18":{"start":{"line":19,"column":0},"end":{"line":19,"column":15}},"19":{"start":{"line":20,"column":0},"end":{"line":20,"column":12}},"20":{"start":{"line":21,"column":0},"end":{"line":21,"column":4}},"21":{"start":{"line":22,"column":0},"end":{"line":22,"column":3}},"22":{"start":{"line":23,"column":0},"end":{"line":23,"column":16}},"23":{"start":{"line":24,"column":0},"end":{"line":24,"column":15}},"24":{"start":{"line":25,"column":0},"end":{"line":25,"column":12}},"25":{"start":{"line":26,"column":0},"end":{"line":26,"column":4}},"26":{"start":{"line":27,"column":0},"end":{"line":27,"column":3}},"27":{"start":{"line":28,"column":0},"end":{"line":28,"column":17}},"28":{"start":{"line":29,"column":0},"end":{"line":29,"column":15}},"29":{"start":{"line":30,"column":0},"end":{"line":30,"column":12}},"30":{"start":{"line":31,"column":0},"end":{"line":31,"column":4}},"31":{"start":{"line":32,"column":0},"end":{"line":32,"column":3}},"32":{"start":{"line":33,"column":0},"end":{"line":33,"column":16}},"33":{"start":{"line":34,"column":0},"end":{"line":34,"column":15}},"34":{"start":{"line":35,"column":0},"end":{"line":35,"column":12}},"35":{"start":{"line":36,"column":0},"end":{"line":36,"column":4}},"36":{"start":{"line":37,"column":0},"end":{"line":37,"column":3}},"37":{"start":{"line":38,"column":0},"end":{"line":38,"column":17}},"38":{"start":{"line":39,"column":0},"end":{"line":39,"column":15}},"39":{"start":{"line":40,"column":0},"end":{"line":40,"column":12}},"40":{"start":{"line":41,"column":0},"end":{"line":41,"column":4}},"41":{"start":{"line":42,"column":0},"end":{"line":42,"column":3}},"42":{"start":{"line":43,"column":0},"end":{"line":43,"column":16}},"43":{"start":{"line":44,"column":0},"end":{"line":44,"column":15}},"44":{"start":{"line":45,"column":0},"end":{"line":45,"column":12}},"45":{"start":{"line":46,"column":0},"end":{"line":46,"column":4}},"46":{"start":{"line":47,"column":0},"end":{"line":47,"column":3}},"47":{"start":{"line":48,"column":0},"end":{"line":48,"column":17}},"48":{"start":{"line":49,"column":0},"end":{"line":49,"column":15}},"49":{"start":{"line":50,"column":0},"end":{"line":50,"column":12}},"50":{"start":{"line":51,"column":0},"end":{"line":51,"column":4}},"51":{"start":{"line":52,"column":0},"end":{"line":52,"column":3}},"52":{"start":{"line":53,"column":0},"end":{"line":53,"column":16}},"53":{"start":{"line":54,"column":0},"end":{"line":54,"column":15}},"54":{"start":{"line":55,"column":0},"end":{"line":55,"column":12}},"55":{"start":{"line":56,"column":0},"end":{"line":56,"column":4}},"56":{"start":{"line":57,"column":0},"end":{"line":57,"column":3}},"57":{"start":{"line":58,"column":0},"end":{"line":58,"column":17}},"58":{"start":{"line":59,"column":0},"end":{"line":59,"column":15}},"59":{"start":{"line":60,"column":0},"end":{"line":60,"column":12}},"60":{"start":{"line":61,"column":0},"end":{"line":61,"column":4}},"61":{"start":{"line":62,"column":0},"end":{"line":62,"column":3}},"62":{"start":{"line":63,"column":0},"end":{"line":63,"column":16}},"63":{"start":{"line":64,"column":0},"end":{"line":64,"column":15}},"64":{"start":{"line":65,"column":0},"end":{"line":65,"column":12}},"65":{"start":{"line":66,"column":0},"end":{"line":66,"column":4}},"66":{"start":{"line":67,"column":0},"end":{"line":67,"column":3}},"67":{"start":{"line":68,"column":0},"end":{"line":68,"column":17}},"68":{"start":{"line":69,"column":0},"end":{"line":69,"column":15}},"69":{"start":{"line":70,"column":0},"end":{"line":70,"column":12}},"70":{"start":{"line":71,"column":0},"end":{"line":71,"column":4}},"71":{"start":{"line":72,"column":0},"end":{"line":72,"column":3}},"72":{"start":{"line":73,"column":0},"end":{"line":73,"column":16}},"73":{"start":{"line":74,"column":0},"end":{"line":74,"column":15}},"74":{"start":{"line":75,"column":0},"end":{"line":75,"column":12}},"75":{"start":{"line":76,"column":0},"end":{"line":76,"column":4}},"76":{"start":{"line":77,"column":0},"end":{"line":77,"column":3}},"77":{"start":{"line":78,"column":0},"end":{"line":78,"column":17}},"78":{"start":{"line":79,"column":0},"end":{"line":79,"column":15}},"79":{"start":{"line":80,"column":0},"end":{"line":80,"column":12}},"80":{"start":{"line":81,"column":0},"end":{"line":81,"column":4}},"81":{"start":{"line":82,"column":0},"end":{"line":82,"column":3}},"82":{"start":{"line":83,"column":0},"end":{"line":83,"column":16}},"83":{"start":{"line":84,"column":0},"end":{"line":84,"column":15}},"84":{"start":{"line":85,"column":0},"end":{"line":85,"column":12}},"85":{"start":{"line":86,"column":0},"end":{"line":86,"column":4}},"86":{"start":{"line":87,"column":0},"end":{"line":87,"column":3}},"87":{"start":{"line":88,"column":0},"end":{"line":88,"column":17}},"88":{"start":{"line":89,"column":0},"end":{"line":89,"column":15}},"89":{"start":{"line":90,"column":0},"end":{"line":90,"column":12}},"90":{"start":{"line":91,"column":0},"end":{"line":91,"column":4}},"91":{"start":{"line":92,"column":0},"end":{"line":92,"column":3}},"92":{"start":{"line":93,"column":0},"end":{"line":93,"column":16}},"93":{"start":{"line":94,"column":0},"end":{"line":94,"column":15}},"94":{"start":{"line":95,"column":0},"end":{"line":95,"column":12}},"95":{"start":{"line":96,"column":0},"end":{"line":96,"column":4}},"96":{"start":{"line":97,"column":0},"end":{"line":97,"column":1}},"97":{"start":{"line":98,"column":0},"end":{"line":98,"column":0}},"98":{"start":{"line":99,"column":0},"end":{"line":99,"column":27}}},"s":{"0":1,"1":1,"2":1,"3":1,"4":1,"5":1,"6":1,"7":1,"8":1,"9":1,"10":1,"11":1,"12":1,"13":1,"14":1,"15":1,"16":1,"17":1,"18":1,"19":1,"20":1,"21":1,"22":1,"23":1,"24":1,"25":1,"26":1,"27":1,"28":1,"29":1,"30":1,"31":1,"32":1,"33":1,"34":1,"35":1,"36":1,"37":1,"38":1,"39":1,"40":1,"41":1,"42":1,"43":1,"44":1,"45":1,"46":1,"47":1,"48":1,"49":1,"50":1,"51":1,"52":1,"53":1,"54":1,"55":1,"56":1,"57":1,"58":1,"59":1,"60":1,"61":1,"62":1,"63":1,"64":1,"65":1,"66":1,"67":1,"68":1,"69":1,"70":1,"71":1,"72":1,"73":1,"74":1,"75":1,"76":1,"77":1,"78":1,"79":1,"80":1,"81":1,"82":1,"83":1,"84":1,"85":1,"86":1,"87":1,"88":1,"89":1,"90":1,"91":1,"92":1,"93":1,"94":1,"95":1,"96":1,"97":1,"98":1},"branchMap":{},"b":{},"fnMap":{},"f":{}}
,"/Users/lauriharjukoski/full-stack-open/full-stack-harjoitustyo/harjoitustyo/frontend/src/utils/testHelper.js": {"path":"/Users/lauriharjukoski/full-stack-open/full-stack-harjoitustyo/harjoitustyo/frontend/src/utils/testHelper.js","all":false,"statementMap":{"0":{"start":{"line":1,"column":0},"end":{"line":1,"column":0}},"1":{"start":{"line":2,"column":0},"end":{"line":2,"column":20}},"2":{"start":{"line":3,"column":0},"end":{"line":3,"column":16}},"3":{"start":{"line":4,"column":0},"end":{"line":4,"column":19}},"4":{"start":{"line":5,"column":0},"end":{"line":5,"column":26}},"5":{"start":{"line":6,"column":0},"end":{"line":6,"column":18}},"6":{"start":{"line":7,"column":0},"end":{"line":7,"column":5}},"7":{"start":{"line":8,"column":0},"end":{"line":8,"column":18}},"8":{"start":{"line":9,"column":0},"end":{"line":9,"column":15}},"9":{"start":{"line":10,"column":0},"end":{"line":10,"column":17}},"10":{"start":{"line":11,"column":0},"end":{"line":11,"column":5}},"11":{"start":{"line":12,"column":0},"end":{"line":12,"column":3}},"12":{"start":{"line":13,"column":0},"end":{"line":13,"column":1}},"13":{"start":{"line":14,"column":0},"end":{"line":14,"column":0}},"14":{"start":{"line":15,"column":0},"end":{"line":15,"column":24}},"15":{"start":{"line":16,"column":0},"end":{"line":16,"column":16}},"16":{"start":{"line":17,"column":0},"end":{"line":17,"column":19}},"17":{"start":{"line":18,"column":0},"end":{"line":18,"column":26}},"18":{"start":{"line":19,"column":0},"end":{"line":19,"column":18}},"19":{"start":{"line":20,"column":0},"end":{"line":20,"column":5}},"20":{"start":{"line":21,"column":0},"end":{"line":21,"column":18}},"21":{"start":{"line":22,"column":0},"end":{"line":22,"column":16}},"22":{"start":{"line":23,"column":0},"end":{"line":23,"column":18}},"23":{"start":{"line":24,"column":0},"end":{"line":24,"column":6}},"24":{"start":{"line":25,"column":0},"end":{"line":25,"column":5}},"25":{"start":{"line":26,"column":0},"end":{"line":26,"column":19}},"26":{"start":{"line":27,"column":0},"end":{"line":27,"column":16}},"27":{"start":{"line":28,"column":0},"end":{"line":28,"column":18}},"28":{"start":{"line":29,"column":0},"end":{"line":29,"column":6}},"29":{"start":{"line":30,"column":0},"end":{"line":30,"column":5}},"30":{"start":{"line":31,"column":0},"end":{"line":31,"column":18}},"31":{"start":{"line":32,"column":0},"end":{"line":32,"column":15}},"32":{"start":{"line":33,"column":0},"end":{"line":33,"column":17}},"33":{"start":{"line":34,"column":0},"end":{"line":34,"column":6}},"34":{"start":{"line":35,"column":0},"end":{"line":35,"column":5}},"35":{"start":{"line":36,"column":0},"end":{"line":36,"column":19}},"36":{"start":{"line":37,"column":0},"end":{"line":37,"column":15}},"37":{"start":{"line":38,"column":0},"end":{"line":38,"column":16}},"38":{"start":{"line":39,"column":0},"end":{"line":39,"column":6}},"39":{"start":{"line":40,"column":0},"end":{"line":40,"column":5}},"40":{"start":{"line":41,"column":0},"end":{"line":41,"column":18}},"41":{"start":{"line":42,"column":0},"end":{"line":42,"column":15}},"42":{"start":{"line":43,"column":0},"end":{"line":43,"column":17}},"43":{"start":{"line":44,"column":0},"end":{"line":44,"column":6}},"44":{"start":{"line":45,"column":0},"end":{"line":45,"column":5}},"45":{"start":{"line":46,"column":0},"end":{"line":46,"column":19}},"46":{"start":{"line":47,"column":0},"end":{"line":47,"column":15}},"47":{"start":{"line":48,"column":0},"end":{"line":48,"column":17}},"48":{"start":{"line":49,"column":0},"end":{"line":49,"column":5}},"49":{"start":{"line":50,"column":0},"end":{"line":50,"column":0}},"50":{"start":{"line":51,"column":0},"end":{"line":51,"column":3}},"51":{"start":{"line":52,"column":0},"end":{"line":52,"column":1}},"52":{"start":{"line":53,"column":0},"end":{"line":53,"column":0}},"53":{"start":{"line":54,"column":0},"end":{"line":54,"column":45}}},"s":{"0":1,"1":1,"2":1,"3":1,"4":1,"5":1,"6":1,"7":1,"8":1,"9":1,"10":1,"11":1,"12":1,"13":1,"14":1,"15":1,"16":1,"17":1,"18":1,"19":1,"20":1,"21":1,"22":1,"23":1,"24":1,"25":1,"26":1,"27":1,"28":1,"29":1,"30":1,"31":1,"32":1,"33":1,"34":1,"35":1,"36":1,"37":1,"38":1,"39":1,"40":1,"41":1,"42":1,"43":1,"44":1,"45":1,"46":1,"47":1,"48":1,"49":1,"50":1,"51":1,"52":1,"53":1},"branchMap":{},"b":{},"fnMap":{},"f":{}}
}
